<?xml version="1.0" encoding="UTF-8"?>
<testsuite name="Vector2dTest" tests="9" skipped="0" failures="0" errors="0" timestamp="2022-10-17T16:01:21" hostname="DESKTOP-GNJJMMG" time="0.031">
  <properties/>
  <testcase name="upperRightTest()" classname="Vector2dTest" time="0.015"/>
  <testcase name="addTest()" classname="Vector2dTest" time="0.001"/>
  <testcase name="precedesTest()" classname="Vector2dTest" time="0.001"/>
  <testcase name="oppositeTest()" classname="Vector2dTest" time="0.0"/>
  <testcase name="lowerLeftTest()" classname="Vector2dTest" time="0.001"/>
  <testcase name="equalsTest()" classname="Vector2dTest" time="0.006"/>
  <testcase name="toStringTest()" classname="Vector2dTest" time="0.001"/>
  <testcase name="subtractTest()" classname="Vector2dTest" time="0.001"/>
  <testcase name="followsTest()" classname="Vector2dTest" time="0.001"/>
  <system-out><![CDATA[]]></system-out>
  <system-err><![CDATA[]]></system-err>
</testsuite>
